[0.640s] Invoking command in '/home/shridhar/erc_ws/src/week0_tutorials': PYTHONPATH=/home/shridhar/erc_ws/build/week0_tutorials/prefix_override:/usr/lib/python3/dist-packages/colcon_core/task/python/colcon_distutils_commands:/home/shridhar/erc_ws/install/week0_tutorials/lib/python3.10/site-packages:${PYTHONPATH} /usr/bin/python3 -W ignore:setup.py install is deprecated setup.py egg_info --egg-base ../../build/week0_tutorials build --build-base /home/shridhar/erc_ws/build/week0_tutorials/build install --record /home/shridhar/erc_ws/build/week0_tutorials/install.log --single-version-externally-managed install_data
[0.891s] running egg_info
[0.892s] writing ../../build/week0_tutorials/week0_tutorials.egg-info/PKG-INFO
[0.892s] writing dependency_links to ../../build/week0_tutorials/week0_tutorials.egg-info/dependency_links.txt
[0.892s] writing entry points to ../../build/week0_tutorials/week0_tutorials.egg-info/entry_points.txt
[0.893s] writing requirements to ../../build/week0_tutorials/week0_tutorials.egg-info/requires.txt
[0.893s] writing top-level names to ../../build/week0_tutorials/week0_tutorials.egg-info/top_level.txt
[0.894s] reading manifest file '../../build/week0_tutorials/week0_tutorials.egg-info/SOURCES.txt'
[0.895s] writing manifest file '../../build/week0_tutorials/week0_tutorials.egg-info/SOURCES.txt'
[0.895s] running build
[0.895s] running build_py
[0.896s] running install
[0.896s] running install_lib
[0.897s] running install_data
[0.897s] running install_egg_info
[0.899s] removing '/home/shridhar/erc_ws/install/week0_tutorials/lib/python3.10/site-packages/week0_tutorials-0.0.0-py3.10.egg-info' (and everything under it)
[0.899s] Copying ../../build/week0_tutorials/week0_tutorials.egg-info to /home/shridhar/erc_ws/install/week0_tutorials/lib/python3.10/site-packages/week0_tutorials-0.0.0-py3.10.egg-info
[0.900s] running install_scripts
[0.921s] Installing publisher script to /home/shridhar/erc_ws/install/week0_tutorials/lib/week0_tutorials
[0.921s] writing list of installed files to '/home/shridhar/erc_ws/build/week0_tutorials/install.log'
[0.948s] Invoked command in '/home/shridhar/erc_ws/src/week0_tutorials' returned '0': PYTHONPATH=/home/shridhar/erc_ws/build/week0_tutorials/prefix_override:/usr/lib/python3/dist-packages/colcon_core/task/python/colcon_distutils_commands:/home/shridhar/erc_ws/install/week0_tutorials/lib/python3.10/site-packages:${PYTHONPATH} /usr/bin/python3 -W ignore:setup.py install is deprecated setup.py egg_info --egg-base ../../build/week0_tutorials build --build-base /home/shridhar/erc_ws/build/week0_tutorials/build install --record /home/shridhar/erc_ws/build/week0_tutorials/install.log --single-version-externally-managed install_data
