[0.644s] Invoking command in '/home/shridhar/erc_ws/src/week0_tutorials': PYTHONPATH=/home/shridhar/erc_ws/build/week0_tutorials/prefix_override:/usr/lib/python3/dist-packages/colcon_core/task/python/colcon_distutils_commands:/home/shridhar/erc_ws/install/week0_tutorials/lib/python3.10/site-packages:${PYTHONPATH} /usr/bin/python3 -W ignore:setup.py install is deprecated setup.py egg_info --egg-base ../../build/week0_tutorials build --build-base /home/shridhar/erc_ws/build/week0_tutorials/build install --record /home/shridhar/erc_ws/build/week0_tutorials/install.log --single-version-externally-managed install_data
[0.874s] running egg_info
[0.874s] creating ../../build/week0_tutorials/week0_tutorials.egg-info
[0.874s] writing ../../build/week0_tutorials/week0_tutorials.egg-info/PKG-INFO
[0.874s] writing dependency_links to ../../build/week0_tutorials/week0_tutorials.egg-info/dependency_links.txt
[0.874s] writing entry points to ../../build/week0_tutorials/week0_tutorials.egg-info/entry_points.txt
[0.875s] writing requirements to ../../build/week0_tutorials/week0_tutorials.egg-info/requires.txt
[0.875s] writing top-level names to ../../build/week0_tutorials/week0_tutorials.egg-info/top_level.txt
[0.875s] writing manifest file '../../build/week0_tutorials/week0_tutorials.egg-info/SOURCES.txt'
[0.876s] reading manifest file '../../build/week0_tutorials/week0_tutorials.egg-info/SOURCES.txt'
[0.877s] writing manifest file '../../build/week0_tutorials/week0_tutorials.egg-info/SOURCES.txt'
[0.877s] running build
[0.877s] running build_py
[0.877s] creating /home/shridhar/erc_ws/build/week0_tutorials/build
[0.877s] creating /home/shridhar/erc_ws/build/week0_tutorials/build/lib
[0.877s] creating /home/shridhar/erc_ws/build/week0_tutorials/build/lib/week0_tutorials
[0.877s] copying week0_tutorials/__init__.py -> /home/shridhar/erc_ws/build/week0_tutorials/build/lib/week0_tutorials
[0.877s] running install
[0.878s] running install_lib
[0.878s] creating /home/shridhar/erc_ws/install/week0_tutorials/lib/python3.10/site-packages/week0_tutorials
[0.878s] copying /home/shridhar/erc_ws/build/week0_tutorials/build/lib/week0_tutorials/__init__.py -> /home/shridhar/erc_ws/install/week0_tutorials/lib/python3.10/site-packages/week0_tutorials
[0.879s] byte-compiling /home/shridhar/erc_ws/install/week0_tutorials/lib/python3.10/site-packages/week0_tutorials/__init__.py to __init__.cpython-310.pyc
[0.879s] running install_data
[0.879s] creating /home/shridhar/erc_ws/install/week0_tutorials/share/ament_index
[0.879s] creating /home/shridhar/erc_ws/install/week0_tutorials/share/ament_index/resource_index
[0.879s] creating /home/shridhar/erc_ws/install/week0_tutorials/share/ament_index/resource_index/packages
[0.879s] copying resource/week0_tutorials -> /home/shridhar/erc_ws/install/week0_tutorials/share/ament_index/resource_index/packages
[0.879s] copying package.xml -> /home/shridhar/erc_ws/install/week0_tutorials/share/week0_tutorials
[0.879s] running install_egg_info
[0.881s] Copying ../../build/week0_tutorials/week0_tutorials.egg-info to /home/shridhar/erc_ws/install/week0_tutorials/lib/python3.10/site-packages/week0_tutorials-0.0.0-py3.10.egg-info
[0.881s] running install_scripts
[0.902s] Installing publisher script to /home/shridhar/erc_ws/install/week0_tutorials/lib/week0_tutorials
[0.903s] writing list of installed files to '/home/shridhar/erc_ws/build/week0_tutorials/install.log'
[0.927s] Invoked command in '/home/shridhar/erc_ws/src/week0_tutorials' returned '0': PYTHONPATH=/home/shridhar/erc_ws/build/week0_tutorials/prefix_override:/usr/lib/python3/dist-packages/colcon_core/task/python/colcon_distutils_commands:/home/shridhar/erc_ws/install/week0_tutorials/lib/python3.10/site-packages:${PYTHONPATH} /usr/bin/python3 -W ignore:setup.py install is deprecated setup.py egg_info --egg-base ../../build/week0_tutorials build --build-base /home/shridhar/erc_ws/build/week0_tutorials/build install --record /home/shridhar/erc_ws/build/week0_tutorials/install.log --single-version-externally-managed install_data
